1: lo: <LOOPBACK,UP,LOWER_UP> mtu 65536 qdisc noqueue state UNKNOWN group default qlen 1000
    link/loopback 00:00:00:00:00:00 brd 00:00:00:00:00:00
    inet 127.0.0.1/8 scope host lo
       valid_lft forever preferred_lft forever
    inet6 ::1/128 scope host noprefixroute 
       valid_lft forever preferred_lft forever
2: ens4: <BROADCAST,MULTICAST,UP,LOWER_UP> mtu 1500 qdisc pfifo_fast state UP group default qlen 1000
    link/ether 52:54:00:12:34:56 brd ff:ff:ff:ff:ff:ff
    altname enp0s4
    inet 10.0.2.15/24 brd 10.0.2.255 scope global dynamic ens4
       valid_lft 86269sec preferred_lft 86269sec
    inet6 fec0::6aa4:af5:dbba:edf3/64 scope site temporary dynamic 
       valid_lft 86272sec preferred_lft 14272sec
    inet6 fec0::5054:ff:fe12:3456/64 scope site dynamic mngtmpaddr noprefixroute 
       valid_lft 86272sec preferred_lft 14272sec
    inet6 fe80::5054:ff:fe12:3456/64 scope link noprefixroute 
       valid_lft forever preferred_lft forever
5: podman0: <BROADCAST,MULTICAST,UP,LOWER_UP> mtu 1500 qdisc noqueue state UP group default qlen 1000
    link/ether 26:0c:89:a6:c7:25 brd ff:ff:ff:ff:ff:ff
    inet 10.88.0.1/16 brd 10.88.255.255 scope global podman0
       valid_lft forever preferred_lft forever
    inet6 fe80::240c:89ff:fea6:c725/64 scope link proto kernel_ll 
       valid_lft forever preferred_lft forever
6: veth0@if2: <BROADCAST,MULTICAST,UP,LOWER_UP> mtu 1500 qdisc noqueue master podman0 state UP group default qlen 1000
    link/ether 26:71:8d:20:33:38 brd ff:ff:ff:ff:ff:ff link-netns netns-f7e8e7f2-50c9-6359-dc00-6474199b6d3f
    inet6 fe80::3812:7eff:fe36:5c87/64 scope link proto kernel_ll 
       valid_lft forever preferred_lft forever
