● susetest
    State: running
    Units: 435 loaded (incl. loaded aliases)
     Jobs: 0 queued
   Failed: 0 units
    Since: Tue 2024-05-28 06:50:50 EDT; 28min ago
  systemd: 255.6+suse.30.g3ea0e1dff3
   CGroup: /
           ├─init.scope
           │ └─1 /usr/lib/systemd/systemd --switched-root --system --deserialize=44
           ├─machine.slice
           │ ├─libpod-472dd6affd3179035967b17416c2e50ca460161de07588d849b049f9fc7be3bd.scope
           │ │ └─container
           │ │   ├─6975 "nginx: master process nginx -g daemon off;"
           │ │   └─7005 "nginx: worker process"
           │ ├─libpod-728abf3da0f885830d90cc71b15a4b9afb72cc6bac471b4cb0bba6d5bd292385.scope
           │ │ └─container
           │ │   ├─7127 haproxy -W -db -f /usr/local/etc/haproxy/haproxy.cfg
           │ │   └─7130 haproxy -W -db -f /usr/local/etc/haproxy/haproxy.cfg
           │ ├─libpod-conmon-472dd6affd3179035967b17416c2e50ca460161de07588d849b049f9fc7be3bd.scope
           │ │ ├─6973 /usr/bin/conmon --api-version 1 -c 472dd6affd3179035967b17416c2e50ca460161de07588d849b049f9fc7be3bd -u 472dd6affd3179035967b17416c2e50ca460161de07588d849b049f9fc7be3bd -r /usr/bin/crun -b /var/lib/containers/storage/overlay-containers/472dd6affd3179035967b17416c2e50ca460161de07588d849b049f9fc7be3bd/userdata -p /run/containers/storage/overlay-containers/472dd6affd3179035967b17416c2e50ca460161de07588d849b049f9fc7be3bd/userdata/pidfile -n dcproject-nginx-1 --exit-dir /run/libpod/exits --persist-dir /run/libpod/persist/472dd6affd3179035967b17416c2e50ca460161de07588d849b049f9fc7be3bd --full-attach -s -l journald --log-level info --syslog --runtime-arg --log-format=json --runtime-arg --log --runtime-arg=/run/containers/storage/overlay-containers/472dd6affd3179035967b17416c2e50ca460161de07588d849b049f9fc7be3bd/userdata/oci-log --conmon-pidfile /run/containers/storage/overlay-containers/472dd6affd3179035967b17416c2e50ca460161de07588d849b049f9fc7be3bd/userdata/conmon.pid --exit-command /usr/bin/podman --exit-command-arg --root --exit-command-arg /var/lib/containers/storage --exit-command-arg --runroot --exit-command-arg /run/containers/storage --exit-command-arg --log-level --exit-command-arg info --exit-command-arg --cgroup-manager --exit-command-arg systemd --exit-command-arg --tmpdir --exit-command-arg /run/libpod --exit-command-arg --network-config-dir --exit-command-arg "" --exit-command-arg --network-backend --exit-command-arg netavark --exit-command-arg --volumepath --exit-command-arg /var/lib/containers/storage/volumes --exit-command-arg --db-backend --exit-command-arg sqlite --exit-command-arg --transient-store=false --exit-command-arg --runtime --exit-command-arg crun --exit-command-arg --storage-driver --exit-command-arg overlay --exit-command-arg --storage-opt --exit-command-arg overlay.mountopt=nodev,metacopy=on --exit-command-arg --events-backend --exit-command-arg journald --exit-command-arg container --exit-command-arg cleanup --exit-command-arg 472dd6affd3179035967b17416c2e50ca460161de07588d849b049f9fc7be3bd
           │ │ ├─7269 /usr/bin/conmon --api-version 1 -c 472dd6affd3179035967b17416c2e50ca460161de07588d849b049f9fc7be3bd -u 03fde06738f671334bb2c49407b5bf19c03282080fe4f1c6cae62bf672b47856 -r /usr/bin/crun -b /var/lib/containers/storage/overlay-containers/472dd6affd3179035967b17416c2e50ca460161de07588d849b049f9fc7be3bd/userdata/03fde06738f671334bb2c49407b5bf19c03282080fe4f1c6cae62bf672b47856 -p /var/lib/containers/storage/overlay-containers/472dd6affd3179035967b17416c2e50ca460161de07588d849b049f9fc7be3bd/userdata/03fde06738f671334bb2c49407b5bf19c03282080fe4f1c6cae62bf672b47856/exec_pid -n dcproject-nginx-1 --exit-dir /var/lib/containers/storage/overlay-containers/472dd6affd3179035967b17416c2e50ca460161de07588d849b049f9fc7be3bd/userdata/03fde06738f671334bb2c49407b5bf19c03282080fe4f1c6cae62bf672b47856/exit --persist-dir /var/lib/containers/storage/overlay-containers/472dd6affd3179035967b17416c2e50ca460161de07588d849b049f9fc7be3bd/userdata/03fde06738f671334bb2c49407b5bf19c03282080fe4f1c6cae62bf672b47856/persist/472dd6affd3179035967b17416c2e50ca460161de07588d849b049f9fc7be3bd --full-attach -s -l none --log-level info --syslog --runtime-arg --log-format=json --runtime-arg --log --runtime-arg=/var/lib/containers/storage/overlay-containers/472dd6affd3179035967b17416c2e50ca460161de07588d849b049f9fc7be3bd/userdata/03fde06738f671334bb2c49407b5bf19c03282080fe4f1c6cae62bf672b47856/oci-log -t -i -e --exec-attach --exec-process-spec /var/lib/containers/storage/overlay-containers/472dd6affd3179035967b17416c2e50ca460161de07588d849b049f9fc7be3bd/userdata/03fde06738f671334bb2c49407b5bf19c03282080fe4f1c6cae62bf672b47856/exec-process-428979973 --exit-command /usr/bin/podman --exit-command-arg --root --exit-command-arg /var/lib/containers/storage --exit-command-arg --runroot --exit-command-arg /run/containers/storage --exit-command-arg --log-level --exit-command-arg info --exit-command-arg --cgroup-manager --exit-command-arg systemd --exit-command-arg --tmpdir --exit-command-arg /run/libpod --exit-command-arg --network-config-dir --exit-command-arg "" --exit-command-arg --network-backend --exit-command-arg netavark --exit-command-arg --volumepath --exit-command-arg /var/lib/containers/storage/volumes --exit-command-arg --db-backend --exit-command-arg sqlite --exit-command-arg --transient-store=false --exit-command-arg --runtime --exit-command-arg crun --exit-command-arg --storage-driver --exit-command-arg overlay --exit-command-arg --storage-opt --exit-command-arg overlay.mountopt=nodev,metacopy=on --exit-command-arg --events-backend --exit-command-arg journald --exit-command-arg container --exit-command-arg cleanup --exit-command-arg --rm --exit-command-arg --exec --exit-command-arg 03fde06738f671334bb2c49407b5bf19c03282080fe4f1c6cae62bf672b47856 --exit-command-arg 472dd6affd3179035967b17416c2e50ca460161de07588d849b049f9fc7be3bd --exit-delay 300
           │ │ └─7273 /usr/bin/conmon --api-version 1 -c 472dd6affd3179035967b17416c2e50ca460161de07588d849b049f9fc7be3bd -u 03fde06738f671334bb2c49407b5bf19c03282080fe4f1c6cae62bf672b47856 -r /usr/bin/crun -b /var/lib/containers/storage/overlay-containers/472dd6affd3179035967b17416c2e50ca460161de07588d849b049f9fc7be3bd/userdata/03fde06738f671334bb2c49407b5bf19c03282080fe4f1c6cae62bf672b47856 -p /var/lib/containers/storage/overlay-containers/472dd6affd3179035967b17416c2e50ca460161de07588d849b049f9fc7be3bd/userdata/03fde06738f671334bb2c49407b5bf19c03282080fe4f1c6cae62bf672b47856/exec_pid -n dcproject-nginx-1 --exit-dir /var/lib/containers/storage/overlay-containers/472dd6affd3179035967b17416c2e50ca460161de07588d849b049f9fc7be3bd/userdata/03fde06738f671334bb2c49407b5bf19c03282080fe4f1c6cae62bf672b47856/exit --persist-dir /var/lib/containers/storage/overlay-containers/472dd6affd3179035967b17416c2e50ca460161de07588d849b049f9fc7be3bd/userdata/03fde06738f671334bb2c49407b5bf19c03282080fe4f1c6cae62bf672b47856/persist/472dd6affd3179035967b17416c2e50ca460161de07588d849b049f9fc7be3bd --full-attach -s -l none --log-level info --syslog --runtime-arg --log-format=json --runtime-arg --log --runtime-arg=/var/lib/containers/storage/overlay-containers/472dd6affd3179035967b17416c2e50ca460161de07588d849b049f9fc7be3bd/userdata/03fde06738f671334bb2c49407b5bf19c03282080fe4f1c6cae62bf672b47856/oci-log -t -i -e --exec-attach --exec-process-spec /var/lib/containers/storage/overlay-containers/472dd6affd3179035967b17416c2e50ca460161de07588d849b049f9fc7be3bd/userdata/03fde06738f671334bb2c49407b5bf19c03282080fe4f1c6cae62bf672b47856/exec-process-428979973 --exit-command /usr/bin/podman --exit-command-arg --root --exit-command-arg /var/lib/containers/storage --exit-command-arg --runroot --exit-command-arg /run/containers/storage --exit-command-arg --log-level --exit-command-arg info --exit-command-arg --cgroup-manager --exit-command-arg systemd --exit-command-arg --tmpdir --exit-command-arg /run/libpod --exit-command-arg --network-config-dir --exit-command-arg "" --exit-command-arg --network-backend --exit-command-arg netavark --exit-command-arg --volumepath --exit-command-arg /var/lib/containers/storage/volumes --exit-command-arg --db-backend --exit-command-arg sqlite --exit-command-arg --transient-store=false --exit-command-arg --runtime --exit-command-arg crun --exit-command-arg --storage-driver --exit-command-arg overlay --exit-command-arg --storage-opt --exit-command-arg overlay.mountopt=nodev,metacopy=on --exit-command-arg --events-backend --exit-command-arg journald --exit-command-arg container --exit-command-arg cleanup --exit-command-arg --rm --exit-command-arg --exec --exit-command-arg 03fde06738f671334bb2c49407b5bf19c03282080fe4f1c6cae62bf672b47856 --exit-command-arg 472dd6affd3179035967b17416c2e50ca460161de07588d849b049f9fc7be3bd --exit-delay 300
           │ └─libpod-conmon-728abf3da0f885830d90cc71b15a4b9afb72cc6bac471b4cb0bba6d5bd292385.scope
           │   └─7125 /usr/bin/conmon --api-version 1 -c 728abf3da0f885830d90cc71b15a4b9afb72cc6bac471b4cb0bba6d5bd292385 -u 728abf3da0f885830d90cc71b15a4b9afb72cc6bac471b4cb0bba6d5bd292385 -r /usr/bin/crun -b /var/lib/containers/storage/overlay-containers/728abf3da0f885830d90cc71b15a4b9afb72cc6bac471b4cb0bba6d5bd292385/userdata -p /run/containers/storage/overlay-containers/728abf3da0f885830d90cc71b15a4b9afb72cc6bac471b4cb0bba6d5bd292385/userdata/pidfile -n dcproject-haproxy-1 --exit-dir /run/libpod/exits --persist-dir /run/libpod/persist/728abf3da0f885830d90cc71b15a4b9afb72cc6bac471b4cb0bba6d5bd292385 --full-attach -s -l journald --log-level info --syslog --runtime-arg --log-format=json --runtime-arg --log --runtime-arg=/run/containers/storage/overlay-containers/728abf3da0f885830d90cc71b15a4b9afb72cc6bac471b4cb0bba6d5bd292385/userdata/oci-log --conmon-pidfile /run/containers/storage/overlay-containers/728abf3da0f885830d90cc71b15a4b9afb72cc6bac471b4cb0bba6d5bd292385/userdata/conmon.pid --exit-command /usr/bin/podman --exit-command-arg --root --exit-command-arg /var/lib/containers/storage --exit-command-arg --runroot --exit-command-arg /run/containers/storage --exit-command-arg --log-level --exit-command-arg info --exit-command-arg --cgroup-manager --exit-command-arg systemd --exit-command-arg --tmpdir --exit-command-arg /run/libpod --exit-command-arg --network-config-dir --exit-command-arg "" --exit-command-arg --network-backend --exit-command-arg netavark --exit-command-arg --volumepath --exit-command-arg /var/lib/containers/storage/volumes --exit-command-arg --db-backend --exit-command-arg sqlite --exit-command-arg --transient-store=false --exit-command-arg --runtime --exit-command-arg crun --exit-command-arg --storage-driver --exit-command-arg overlay --exit-command-arg --storage-opt --exit-command-arg overlay.mountopt=nodev,metacopy=on --exit-command-arg --events-backend --exit-command-arg journald --exit-command-arg container --exit-command-arg cleanup --exit-command-arg 728abf3da0f885830d90cc71b15a4b9afb72cc6bac471b4cb0bba6d5bd292385
           ├─system.slice
           │ ├─NetworkManager.service
           │ │ └─970 /usr/sbin/NetworkManager --no-daemon
           │ ├─auditd.service
           │ │ └─809 /sbin/auditd
           │ ├─chronyd.service
           │ │ └─1057 /usr/sbin/chronyd
           │ ├─cron.service
           │ │ └─1261 /usr/sbin/cron -n
           │ ├─dbus.service
           │ │ └─868 /usr/bin/dbus-daemon --system --address=systemd: --nofork --nopidfile --systemd-activation --syslog-only
           │ ├─pcscd.service
           │ │ └─955 /usr/sbin/pcscd --foreground
           │ ├─polkit.service
           │ │ └─961 /usr/libexec/polkit-1/polkitd --no-debug
           │ ├─postfix.service
           │ │ ├─ 1240 /usr/lib/postfix/bin//master -w
           │ │ ├─ 1242 qmgr -l -t fifo -u
           │ │ └─13973 pickup -l -t fifo -u
           │ ├─rng-tools.service
           │ │ └─872 /usr/sbin/rngd --foreground --fill-watermark=3700
           │ ├─run-r2075b3135b3a4a44a97b15e68423368d.scope
           │ │ └─6968 /usr/libexec/podman/aardvark-dns --config /run/containers/networks/aardvark-dns -p 53 run
           │ ├─sshd.service
           │ │ └─1044 "sshd: /usr/sbin/sshd -D [listener] 0 of 10-100 startups"
           │ ├─system-getty.slice
           │ │ └─getty@tty1.service
           │ │   └─1032 /sbin/agetty -o "-p -- \\u" --noclear - linux
           │ ├─system-serial\x2dgetty.slice
           │ │ ├─serial-getty@hvc1.service
           │ │ │ └─1038 /sbin/agetty -o "-p -- \\u" --keep-baud 115200,57600,38400,9600 - vt220
           │ │ └─serial-getty@ttyS0.service
           │ │   └─1042 /sbin/agetty -o "-p -- \\u" --keep-baud 115200,57600,38400,9600 - vt220
           │ ├─systemd-journald.service
           │ │ └─528 /usr/lib/systemd/systemd-journald
           │ ├─systemd-logind.service
           │ │ └─877 /usr/lib/systemd/systemd-logind
           │ └─systemd-udevd.service
           │   └─udev
           │     └─560 /usr/lib/systemd/systemd-udevd
           └─user.slice
             ├─user-0.slice
             │ ├─session-1.scope
             │ │ ├─ 1035 "login -- root"
             │ │ ├─ 1287 /bin/bash
             │ │ ├─31238 systemctl status
             │ │ └─31239 tee /tmp/systemctl_status.log
             │ └─user@0.service
             │   ├─init.scope
             │   │ ├─1276 /usr/lib/systemd/systemd --user
             │   │ └─1278 "(sd-pam)"
             │   └─session.slice
             │     └─dbus.service
             │       └─11773 /usr/bin/dbus-daemon --session --address=systemd: --nofork --nopidfile --systemd-activation --syslog-only
             └─user-1000.slice
               ├─session-3.scope
               │ ├─12266 "login -- bernhard"
               │ └─12288 -bash
               └─user@1000.service
                 ├─init.scope
                 │ ├─12272 /usr/lib/systemd/systemd --user
                 │ └─12274 "(sd-pam)"
                 ├─session.slice
                 │ └─dbus.service
                 │   └─12341 /usr/bin/dbus-daemon --session --address=systemd: --nofork --nopidfile --systemd-activation --syslog-only
                 └─user.slice
                   └─podman-pause-039b23e0.scope
                     └─12334 catatonit -P
