  PID TTY      STAT   TIME COMMAND
    2 ?        S      0:00 [kthreadd]
    3 ?        S      0:00  \_ [pool_workqueue_release]
    4 ?        I<     0:00  \_ [kworker/R-rcu_g]
    5 ?        I<     0:00  \_ [kworker/R-slub_]
    6 ?        I<     0:00  \_ [kworker/R-netns]
    7 ?        I      0:02  \_ [kworker/0:0-events]
    8 ?        I      0:00  \_ [kworker/0:1-events]
    9 ?        I<     0:00  \_ [kworker/0:0H-events_highpri]
   10 ?        I      0:00  \_ [kworker/u4:0-btrfs-endio-write]
   11 ?        I<     0:00  \_ [kworker/R-mm_pe]
   12 ?        I      0:00  \_ [rcu_tasks_kthread]
   13 ?        I      0:00  \_ [rcu_tasks_rude_kthread]
   14 ?        I      0:00  \_ [rcu_tasks_trace_kthread]
   15 ?        S      0:00  \_ [ksoftirqd/0]
   16 ?        I      0:00  \_ [rcu_preempt]
   17 ?        S      0:00  \_ [rcu_exp_par_gp_kthread_worker/0]
   18 ?        S      0:00  \_ [rcu_exp_gp_kthread_worker]
   19 ?        S      0:00  \_ [migration/0]
   20 ?        S      0:00  \_ [idle_inject/0]
   21 ?        S      0:00  \_ [cpuhp/0]
   23 ?        S      0:00  \_ [kdevtmpfs]
   24 ?        I<     0:00  \_ [kworker/R-inet_]
   25 ?        I      0:00  \_ [kworker/u4:1-events_unbound]
   26 ?        S      0:00  \_ [kauditd]
   27 ?        S      0:00  \_ [khungtaskd]
   28 ?        S      0:00  \_ [oom_reaper]
   29 ?        I      0:00  \_ [kworker/u4:2-btrfs-flush_delalloc]
   30 ?        I<     0:00  \_ [kworker/R-write]
   31 ?        S      0:00  \_ [kcompactd0]
   32 ?        SN     0:00  \_ [ksmd]
   33 ?        SN     0:00  \_ [khugepaged]
   34 ?        I<     0:00  \_ [kworker/R-kinte]
   35 ?        I<     0:00  \_ [kworker/R-kbloc]
   36 ?        I<     0:00  \_ [kworker/R-blkcg]
   37 ?        S      0:00  \_ [irq/9-acpi]
   38 ?        I<     0:00  \_ [kworker/R-tpm_d]
   39 ?        I<     0:00  \_ [kworker/R-edac-]
   40 ?        I<     0:00  \_ [kworker/R-devfr]
   41 ?        S      0:00  \_ [watchdogd]
   42 ?        I<     0:00  \_ [kworker/0:1H-kblockd]
   43 ?        S      0:00  \_ [kswapd0]
   50 ?        I<     0:00  \_ [kworker/R-kthro]
   54 ?        S      0:00  \_ [khvcd]
   55 ?        I<     0:00  \_ [kworker/R-mld]
   56 ?        I<     0:00  \_ [kworker/R-ipv6_]
   61 ?        I<     0:00  \_ [kworker/R-kstrp]
   62 ?        I<     0:00  \_ [kworker/u5:0]
  128 ?        I<     0:00  \_ [kworker/R-charg]
  131 ?        S      0:00  \_ [hwrng]
  132 ?        I      0:00  \_ [kworker/0:2-events]
  190 ?        I      0:00  \_ [kworker/0:3-events]
  191 ?        I      0:00  \_ [kworker/0:4-cgroup_destroy]
  322 ?        I      0:00  \_ [kworker/u4:3-btrfs-endio-write]
  323 ?        I<     0:00  \_ [kworker/R-crypt]
  326 ?        I<     0:00  \_ [kworker/R-kalua]
  328 ?        I<     0:00  \_ [kworker/R-ttm]
  330 ?        I<     0:00  \_ [kworker/R-kmpat]
  339 ?        S      0:00  \_ [scsi_eh_0]
  340 ?        I<     0:00  \_ [kworker/R-scsi_]
  344 ?        I<     0:00  \_ [kworker/R-ata_s]
  370 ?        S      0:00  \_ [scsi_eh_1]
  372 ?        I<     0:00  \_ [kworker/R-scsi_]
  375 ?        S      0:00  \_ [scsi_eh_2]
  376 ?        I<     0:00  \_ [kworker/R-scsi_]
  384 ?        I      0:00  \_ [kworker/0:5-events]
  419 ?        I      0:01  \_ [kworker/0:6-events]
  438 ?        I      0:00  \_ [kworker/0:7]
  463 ?        I<     0:00  \_ [kworker/R-btrfs]
  464 ?        I<     0:00  \_ [kworker/R-btrfs]
  465 ?        I<     0:00  \_ [kworker/R-btrfs]
  466 ?        I<     0:00  \_ [kworker/R-btrfs]
  467 ?        I<     0:00  \_ [kworker/R-btrfs]
  468 ?        I<     0:00  \_ [kworker/R-btrfs]
  469 ?        I<     0:00  \_ [kworker/R-btrfs]
  470 ?        I<     0:00  \_ [kworker/R-btrfs]
  471 ?        I<     0:00  \_ [kworker/R-btrfs]
  472 ?        I<     0:00  \_ [kworker/R-btrfs]
  473 ?        I<     0:00  \_ [kworker/R-btrfs]
  474 ?        I<     0:00  \_ [kworker/R-btrfs]
  475 ?        I<     0:00  \_ [kworker/R-btrfs]
  476 ?        S      0:00  \_ [btrfs-cleaner]
  477 ?        S      0:00  \_ [btrfs-transaction]
  498 ?        I      0:00  \_ [kworker/u4:4-btrfs-endio]
 1504 ?        I      0:00  \_ [kworker/u4:5-btrfs-endio-write]
    1 ?        Ss     0:02 /usr/lib/systemd/systemd --switched-root --system --deserialize=44
  528 ?        Ss     0:00 /usr/lib/systemd/systemd-journald
  560 ?        Ss     0:00 /usr/lib/systemd/systemd-udevd
  809 ?        S<sl   0:00 /sbin/auditd
  868 ?        Ss     0:00 /usr/bin/dbus-daemon --system --address=systemd: --nofork --nopidfile --systemd-activation --syslog-only
  872 ?        Ss     0:00 /usr/sbin/rngd --foreground --fill-watermark=3700
  877 ?        Ss     0:00 /usr/lib/systemd/systemd-logind
  955 ?        Ssl    0:00 /usr/sbin/pcscd --foreground
  961 ?        Ssl    0:00 /usr/libexec/polkit-1/polkitd --no-debug
  970 ?        Ssl    0:00 /usr/sbin/NetworkManager --no-daemon
 1032 tty1     Ss+    0:00 /sbin/agetty -o -p -- \u --noclear - linux
 1035 ?        Ss     0:00 login -- root
 1287 hvc0     Ss     0:00  \_ /bin/bash
12442 hvc0     R+     0:00      \_ ps axf
12443 hvc0     S+     0:00      \_ tee /tmp/psaxf.log
 1038 hvc1     Ss+    0:00 /sbin/agetty -o -p -- \u --keep-baud 115200,57600,38400,9600 - vt220
 1042 ttyS0    Ss+    0:00 /sbin/agetty -o -p -- \u --keep-baud 115200,57600,38400,9600 - vt220
 1044 ?        Ss     0:00 sshd: /usr/sbin/sshd -D [listener] 0 of 10-100 startups
 1057 ?        S      0:00 /usr/sbin/chronyd
 1240 ?        Ss     0:00 /usr/lib/postfix/bin//master -w
 1241 ?        S      0:00  \_ pickup -l -t fifo -u
 1242 ?        S      0:00  \_ qmgr -l -t fifo -u
 1261 ?        Ss     0:00 /usr/sbin/cron -n
 1276 ?        Ss     0:00 /usr/lib/systemd/systemd --user
 1278 ?        S      0:00  \_ (sd-pam)
11773 ?        Ss     0:00  \_ /usr/bin/dbus-daemon --session --address=systemd: --nofork --nopidfile --systemd-activation --syslog-only
 1379 ?        Ssl    0:00 /usr/sbin/snapperd
12090 ?        Ss     0:00 /usr/bin/conmon --api-version 1 -c b9a83c583331789804a50412f6771a30303b935831170dc2b5617f16220368a5 -u b9a83c583331789804a50412f6771a30303b935831170dc2b5617f16220368a5 -r /usr/bin/crun -b /var/lib/containers/storage/overlay-containers/b9a83c583331789804a50412f6771a30303b935831170dc2b5617f16220368a5/userdata -p /run/containers/storage/overlay-containers/b9a83c583331789804a50412f6771a30303b935831170dc2b5617f16220368a5/userdata/pidfile -n sut_container --exit-dir /run/libpod/exits --persist-dir /run/libpod/persist/b9a83c583331789804a50412f6771a30303b935831170dc2b5617f16220368a5 --full-attach -s -l journald --log-level warning --syslog --runtime-arg --log-format=json --runtime-arg --log --runtime-arg=/run/containers/storage/overlay-containers/b9a83c583331789804a50412f6771a30303b935831170dc2b5617f16220368a5/userdata/oci-log -i --conmon-pidfile /run/containers/storage/overlay-containers/b9a83c583331789804a50412f6771a30303b935831170dc2b5617f16220368a5/userdata/conmon.pid --exit-command /usr/bin/podman --exit-command-arg --root --exit-command-arg /var/lib/containers/storage --exit-command-arg --runroot --exit-command-arg /run/containers/storage --exit-command-arg --log-level --exit-command-arg warning --exit-command-arg --cgroup-manager --exit-command-arg systemd --exit-command-arg --tmpdir --exit-command-arg /run/libpod --exit-command-arg --network-config-dir --exit-command-arg  --exit-command-arg --network-backend --exit-command-arg netavark --exit-command-arg --volumepath --exit-command-arg /var/lib/containers/storage/volumes --exit-command-arg --db-backend --exit-command-arg sqlite --exit-command-arg --transient-store=false --exit-command-arg --runtime --exit-command-arg crun --exit-command-arg --storage-driver --exit-command-arg overlay --exit-command-arg --storage-opt --exit-command-arg overlay.mountopt=nodev,metacopy=on --exit-command-arg --events-backend --exit-command-arg journald --exit-command-arg container --exit-command-arg cleanup --exit-command-arg --rm --exit-command-arg b9a83c583331789804a50412f6771a30303b935831170dc2b5617f16220368a5
12092 ?        Ss     0:00  \_ sleep infinity
12359 ?        Ss     0:00 login -- root
12363 tty5     Ss+    0:00  \_ -bash
