1: lo: <LOOPBACK,UP,LOWER_UP> mtu 65536 qdisc noqueue state UNKNOWN group default qlen 1000
    link/loopback 00:00:00:00:00:00 brd 00:00:00:00:00:00
    inet 127.0.0.1/8 scope host lo
       valid_lft forever preferred_lft forever
    inet6 ::1/128 scope host noprefixroute 
       valid_lft forever preferred_lft forever
2: ens4: <BROADCAST,MULTICAST,UP,LOWER_UP> mtu 1500 qdisc pfifo_fast state UP group default qlen 1000
    link/ether 52:54:00:12:34:56 brd ff:ff:ff:ff:ff:ff
    altname enp0s4
    inet 10.0.2.15/24 brd 10.0.2.255 scope global dynamic ens4
       valid_lft 85742sec preferred_lft 85742sec
    inet6 fec0::6aa4:af5:dbba:edf3/64 scope site temporary dynamic 
       valid_lft 86307sec preferred_lft 14307sec
    inet6 fec0::5054:ff:fe12:3456/64 scope site dynamic mngtmpaddr noprefixroute 
       valid_lft 86307sec preferred_lft 14307sec
    inet6 fe80::5054:ff:fe12:3456/64 scope link noprefixroute 
       valid_lft forever preferred_lft forever
107: podman1: <BROADCAST,MULTICAST,UP,LOWER_UP> mtu 1500 qdisc noqueue state UP group default qlen 1000
    link/ether 9a:2e:f6:1f:24:e2 brd ff:ff:ff:ff:ff:ff
    inet 10.89.0.1/24 brd 10.89.0.255 scope global podman1
       valid_lft forever preferred_lft forever
    inet6 fe80::982e:f6ff:fe1f:24e2/64 scope link proto kernel_ll 
       valid_lft forever preferred_lft forever
108: veth0@if2: <BROADCAST,MULTICAST,UP,LOWER_UP> mtu 1500 qdisc noqueue master podman1 state UP group default qlen 1000
    link/ether 26:71:8d:20:33:38 brd ff:ff:ff:ff:ff:ff link-netns netns-059366ed-d649-ed93-db67-8bd13e83ba00
    inet6 fe80::70ba:d4ff:fe18:783e/64 scope link proto kernel_ll 
       valid_lft forever preferred_lft forever
109: veth1@if2: <BROADCAST,MULTICAST,UP,LOWER_UP> mtu 1500 qdisc noqueue master podman1 state UP group default qlen 1000
    link/ether 42:85:7f:6d:00:88 brd ff:ff:ff:ff:ff:ff link-netns netns-ae49b836-d9a8-de43-2f65-f6107d69a68e
    inet6 fe80::20b8:bfff:fe39:b0bd/64 scope link proto kernel_ll 
       valid_lft forever preferred_lft forever
110: podman2: <BROADCAST,MULTICAST,UP,LOWER_UP> mtu 1500 qdisc noqueue state UP group default qlen 1000
    link/ether 46:e4:84:be:e8:a9 brd ff:ff:ff:ff:ff:ff
    inet 10.89.1.1/24 brd 10.89.1.255 scope global podman2
       valid_lft forever preferred_lft forever
    inet6 fe80::44e4:84ff:febe:e8a9/64 scope link proto kernel_ll 
       valid_lft forever preferred_lft forever
111: veth2@if3: <BROADCAST,MULTICAST,UP,LOWER_UP> mtu 1500 qdisc noqueue master podman2 state UP group default qlen 1000
    link/ether 4a:cc:ad:01:12:e3 brd ff:ff:ff:ff:ff:ff link-netns netns-ae49b836-d9a8-de43-2f65-f6107d69a68e
    inet6 fe80::839:6bff:fe2e:70d3/64 scope link proto kernel_ll 
       valid_lft forever preferred_lft forever
