  PID TTY      STAT   TIME COMMAND
    2 ?        S      0:00 [kthreadd]
    3 ?        S      0:00  \_ [pool_workqueue_release]
    4 ?        I<     0:00  \_ [kworker/R-rcu_g]
    5 ?        I<     0:00  \_ [kworker/R-slub_]
    6 ?        I<     0:00  \_ [kworker/R-netns]
    7 ?        I      0:02  \_ [kworker/0:0-ata_sff]
    8 ?        I      0:00  \_ [kworker/0:1-events]
    9 ?        I<     0:00  \_ [kworker/0:0H-kblockd]
   10 ?        I      0:00  \_ [kworker/u4:0-btrfs-endio-write]
   11 ?        I<     0:00  \_ [kworker/R-mm_pe]
   12 ?        I      0:00  \_ [rcu_tasks_kthread]
   13 ?        I      0:00  \_ [rcu_tasks_rude_kthread]
   14 ?        I      0:00  \_ [rcu_tasks_trace_kthread]
   15 ?        S      0:00  \_ [ksoftirqd/0]
   16 ?        I      0:00  \_ [rcu_preempt]
   17 ?        S      0:00  \_ [rcu_exp_par_gp_kthread_worker/0]
   18 ?        S      0:00  \_ [rcu_exp_gp_kthread_worker]
   19 ?        S      0:00  \_ [migration/0]
   20 ?        S      0:00  \_ [idle_inject/0]
   21 ?        S      0:00  \_ [cpuhp/0]
   23 ?        S      0:00  \_ [kdevtmpfs]
   24 ?        I<     0:00  \_ [kworker/R-inet_]
   25 ?        S      0:00  \_ [kauditd]
   26 ?        I      0:00  \_ [kworker/u4:1-btrfs-endio]
   27 ?        S      0:00  \_ [khungtaskd]
   28 ?        S      0:00  \_ [oom_reaper]
   29 ?        I      0:00  \_ [kworker/u4:2-events_unbound]
   30 ?        I<     0:00  \_ [kworker/R-write]
   31 ?        S      0:00  \_ [kcompactd0]
   32 ?        SN     0:00  \_ [ksmd]
   33 ?        SN     0:00  \_ [khugepaged]
   34 ?        I<     0:00  \_ [kworker/R-kinte]
   35 ?        I<     0:00  \_ [kworker/R-kbloc]
   36 ?        I<     0:00  \_ [kworker/R-blkcg]
   37 ?        S      0:00  \_ [irq/9-acpi]
   38 ?        I<     0:00  \_ [kworker/R-tpm_d]
   39 ?        I<     0:00  \_ [kworker/R-edac-]
   40 ?        I<     0:00  \_ [kworker/R-devfr]
   41 ?        S      0:00  \_ [watchdogd]
   42 ?        I<     0:00  \_ [kworker/0:1H-kblockd]
   43 ?        S      0:00  \_ [kswapd0]
   50 ?        I<     0:00  \_ [kworker/R-kthro]
   54 ?        S      0:00  \_ [khvcd]
   55 ?        I<     0:00  \_ [kworker/R-mld]
   56 ?        I<     0:00  \_ [kworker/R-ipv6_]
   61 ?        I<     0:00  \_ [kworker/R-kstrp]
   62 ?        I<     0:00  \_ [kworker/u5:0]
  128 ?        I<     0:00  \_ [kworker/R-charg]
  131 ?        S      0:00  \_ [hwrng]
  133 ?        I      0:03  \_ [kworker/0:2-cgroup_destroy]
  186 ?        I      0:00  \_ [kworker/0:3-events]
  335 ?        I<     0:00  \_ [kworker/R-crypt]
  448 ?        I      0:00  \_ [kworker/u4:3-btrfs-endio-write]
  578 ?        I<     0:00  \_ [kworker/R-ttm]
  582 ?        S      0:00  \_ [scsi_eh_0]
  583 ?        I<     0:00  \_ [kworker/R-scsi_]
  585 ?        I<     0:00  \_ [kworker/R-ata_s]
  594 ?        S      0:00  \_ [scsi_eh_1]
  596 ?        I<     0:00  \_ [kworker/R-scsi_]
  597 ?        S      0:00  \_ [scsi_eh_2]
  598 ?        I<     0:00  \_ [kworker/R-scsi_]
  615 ?        I<     0:00  \_ [kworker/0:2H-kblockd]
  625 ?        I      0:01  \_ [kworker/0:4-events]
  637 ?        I<     0:00  \_ [kworker/R-btrfs]
  638 ?        I<     0:00  \_ [kworker/R-btrfs]
  639 ?        I<     0:00  \_ [kworker/R-btrfs]
  640 ?        I<     0:00  \_ [kworker/R-btrfs]
  641 ?        I<     0:00  \_ [kworker/R-btrfs]
  642 ?        I<     0:00  \_ [kworker/R-btrfs]
  643 ?        I<     0:00  \_ [kworker/R-btrfs]
  644 ?        I<     0:00  \_ [kworker/R-btrfs]
  645 ?        I<     0:00  \_ [kworker/R-btrfs]
  646 ?        I<     0:00  \_ [kworker/R-btrfs]
  647 ?        I<     0:00  \_ [kworker/R-btrfs]
  648 ?        I<     0:00  \_ [kworker/R-btrfs]
  649 ?        I<     0:00  \_ [kworker/R-btrfs]
  650 ?        S      0:00  \_ [btrfs-cleaner]
  651 ?        S      0:00  \_ [btrfs-transaction]
  761 ?        I      0:00  \_ [kworker/0:5-cgroup_destroy]
 1348 ?        I      0:00  \_ [kworker/u4:4-btrfs-endio]
    1 ?        Ss     0:01 /usr/lib/systemd/systemd --switched-root --system --deserialize=36
  796 ?        Ss     0:00 /usr/lib/systemd/systemd-journald
  835 ?        Ss     0:00 /usr/lib/systemd/systemd-udevd
  945 ?        S<sl   0:00 /sbin/auditd
  954 ?        Ss     0:00 /usr/bin/dbus-daemon --system --address=systemd: --nofork --nopidfile --systemd-activation --syslog-only
  958 ?        Ssl    0:00 /usr/libexec/polkit-1/polkitd --no-debug
  959 ?        Ss     0:00 /usr/lib/systemd/systemd-logind
 1011 ?        Ssl    0:00 /usr/sbin/NetworkManager --no-daemon
 1016 ?        Ss     0:00 /usr/sbin/rebootmgrd --verbose
 1038 ?        Ssl    0:00 /usr/sbin/ModemManager
 1125 ?        S      0:00 /usr/sbin/chronyd
 1212 tty1     Ss+    0:00 /sbin/agetty -o -p -- \u --noclear - linux
 1216 ?        Ss     0:00 login -- root
 1362 hvc0     Ss     0:00  \_ /bin/bash
 1454 hvc0     R+     0:00      \_ ps axf
 1455 hvc0     S+     0:00      \_ tee /tmp/psaxf.log
 1218 ttyS0    Ss+    0:00 /sbin/agetty -o -p -- \u --keep-baud 115200,57600,38400,9600 - vt220
 1302 ?        Ss     0:00 login -- root
 1320 tty2     Ss+    0:00  \_ -bash
 1309 ?        Ss     0:00 /usr/lib/systemd/systemd --user
 1311 ?        S      0:00  \_ (sd-pam)
