  PID TTY      STAT   TIME COMMAND
    2 ?        S      0:00 [kthreadd]
    3 ?        S      0:00  \_ [pool_workqueue_release]
    4 ?        I<     0:00  \_ [kworker/R-rcu_g]
    5 ?        I<     0:00  \_ [kworker/R-slub_]
    6 ?        I<     0:00  \_ [kworker/R-netns]
    7 ?        I      0:00  \_ [kworker/0:0-events]
    8 ?        I      0:00  \_ [kworker/0:1-events]
    9 ?        I<     0:00  \_ [kworker/0:0H-kblockd]
   10 ?        I      0:00  \_ [kworker/u4:0-btrfs-endio-write]
   11 ?        I<     0:00  \_ [kworker/R-mm_pe]
   12 ?        I      0:00  \_ [rcu_tasks_kthread]
   13 ?        I      0:00  \_ [rcu_tasks_rude_kthread]
   14 ?        I      0:00  \_ [rcu_tasks_trace_kthread]
   15 ?        S      0:00  \_ [ksoftirqd/0]
   16 ?        I      0:00  \_ [rcu_preempt]
   17 ?        S      0:00  \_ [rcu_exp_par_gp_kthread_worker/0]
   18 ?        S      0:00  \_ [rcu_exp_gp_kthread_worker]
   19 ?        S      0:00  \_ [migration/0]
   20 ?        S      0:00  \_ [idle_inject/0]
   21 ?        S      0:00  \_ [cpuhp/0]
   23 ?        S      0:00  \_ [kdevtmpfs]
   24 ?        I<     0:00  \_ [kworker/R-inet_]
   25 ?        S      0:00  \_ [kauditd]
   26 ?        I      0:00  \_ [kworker/u4:1-btrfs-endio]
   27 ?        S      0:00  \_ [khungtaskd]
   28 ?        S      0:00  \_ [oom_reaper]
   29 ?        I      0:00  \_ [kworker/u4:2-events_unbound]
   30 ?        I<     0:00  \_ [kworker/R-write]
   31 ?        S      0:00  \_ [kcompactd0]
   32 ?        SN     0:00  \_ [ksmd]
   33 ?        SN     0:00  \_ [khugepaged]
   34 ?        I<     0:00  \_ [kworker/R-kinte]
   35 ?        I<     0:00  \_ [kworker/R-kbloc]
   36 ?        I<     0:00  \_ [kworker/R-blkcg]
   37 ?        S      0:00  \_ [irq/9-acpi]
   38 ?        I<     0:00  \_ [kworker/R-tpm_d]
   39 ?        I<     0:00  \_ [kworker/R-edac-]
   40 ?        I<     0:00  \_ [kworker/R-devfr]
   41 ?        S      0:00  \_ [watchdogd]
   42 ?        I<     0:00  \_ [kworker/0:1H-kblockd]
   43 ?        S      0:00  \_ [kswapd0]
   50 ?        I<     0:00  \_ [kworker/R-kthro]
   54 ?        S      0:00  \_ [khvcd]
   55 ?        S      0:00  \_ [hwrng]
   56 ?        I<     0:00  \_ [kworker/R-mld]
   57 ?        I<     0:00  \_ [kworker/R-ipv6_]
   62 ?        I<     0:00  \_ [kworker/R-kstrp]
   63 ?        I<     0:00  \_ [kworker/u5:0]
  131 ?        I<     0:00  \_ [kworker/R-charg]
  132 ?        I      0:01  \_ [kworker/0:2-events]
  192 ?        I      0:00  \_ [kworker/0:3-events]
  197 ?        I      0:00  \_ [kworker/0:4-ata_sff]
  198 ?        I      0:00  \_ [kworker/u4:3-btrfs-endio-write]
  368 ?        I<     0:00  \_ [kworker/R-crypt]
  375 ?        S      0:00  \_ [scsi_eh_0]
  377 ?        I<     0:00  \_ [kworker/R-scsi_]
  385 ?        I<     0:00  \_ [kworker/R-ata_s]
  395 ?        S      0:00  \_ [scsi_eh_1]
  396 ?        I<     0:00  \_ [kworker/R-scsi_]
  401 ?        S      0:00  \_ [scsi_eh_2]
  402 ?        I<     0:00  \_ [kworker/R-scsi_]
  406 ?        I      0:00  \_ [kworker/u4:4-events_unbound]
  486 ?        I<     0:00  \_ [kworker/0:2H-kblockd]
  527 ?        I      0:00  \_ [kworker/0:5-rcu_gp]
  528 ?        I      0:00  \_ [kworker/0:6]
  549 ?        I<     0:00  \_ [kworker/R-kdmfl]
  550 ?        I<     0:00  \_ [kworker/R-kcryp]
  551 ?        I<     0:00  \_ [kworker/R-kcryp]
  552 ?        S      0:00  \_ [dmcrypt_write/254:0]
  576 ?        I<     0:00  \_ [kworker/R-btrfs]
  577 ?        I<     0:00  \_ [kworker/R-btrfs]
  578 ?        I<     0:00  \_ [kworker/R-btrfs]
  579 ?        I<     0:00  \_ [kworker/R-btrfs]
  580 ?        I<     0:00  \_ [kworker/R-btrfs]
  581 ?        I<     0:00  \_ [kworker/R-btrfs]
  582 ?        I<     0:00  \_ [kworker/R-btrfs]
  583 ?        I<     0:00  \_ [kworker/R-btrfs]
  584 ?        I<     0:00  \_ [kworker/R-btrfs]
  585 ?        I<     0:00  \_ [kworker/R-btrfs]
  586 ?        I<     0:00  \_ [kworker/R-btrfs]
  587 ?        I<     0:00  \_ [kworker/R-btrfs]
  588 ?        I<     0:00  \_ [kworker/R-btrfs]
  589 ?        S      0:00  \_ [btrfs-cleaner]
  590 ?        S      0:00  \_ [btrfs-transaction]
  764 ?        I<     0:00  \_ [kworker/R-ttm]
    1 ?        Ss     0:01 /usr/lib/systemd/systemd --switched-root --system --deserialize=36
  691 ?        Ss     0:00 /usr/lib/systemd/systemd-journald
  735 ?        Ss     0:00 /usr/lib/systemd/systemd-udevd
  837 ?        S<sl   0:00 /sbin/auditd
  842 ?        Ss     0:00 /usr/bin/dbus-daemon --system --address=systemd: --nofork --nopidfile --systemd-activation --syslog-only
  849 ?        Ssl    0:00 /usr/libexec/polkit-1/polkitd --no-debug
  859 ?        Ss     0:00 /usr/lib/systemd/systemd-logind
  868 ?        Ssl    0:00 /usr/sbin/NetworkManager --no-daemon
  873 ?        Ssl    0:00 /usr/sbin/rebootmgrd --verbose
  930 ?        Ssl    0:00 /usr/sbin/ModemManager
  977 ?        Ss     0:00 sshd: /usr/sbin/sshd -D [listener] 0 of 10-100 startups
  993 ?        S      0:00 /usr/sbin/chronyd
 1047 tty1     Ss+    0:00 /sbin/agetty -o -p -- \u --noclear - linux
 1049 ?        Ss     0:00 login -- root
 1196 hvc0     Ss     0:00  \_ /bin/bash
 1273 hvc0     R+     0:00      \_ ps axf
 1274 hvc0     S+     0:00      \_ tee /tmp/psaxf.log
 1051 hvc1     Ss+    0:00 /sbin/agetty -o -p -- \u --keep-baud 115200,57600,38400,9600 - vt220
 1053 ttyS0    Ss+    0:00 /sbin/agetty -o -p -- \u --keep-baud 115200,57600,38400,9600 - vt220
 1122 ?        Ss     0:00 login -- root
 1140 tty2     Ss+    0:00  \_ -bash
 1129 ?        Ss     0:00 /usr/lib/systemd/systemd --user
 1131 ?        S      0:00  \_ (sd-pam)
